<?xml version="1.0" encoding="UTF-8"?>
<!-- Generated by org.testng.reporters.JUnitReportReporter -->
<testsuite hostname="nw51465" failures="0" tests="4" name="Question6.TriangleNGTest" time="0.008" errors="0" timestamp="30 Oct 2020 20:49:40 GMT">
  <testcase classname="Question6.TriangleNGTest" name="testGetArea" time="0.003"/>
  <testcase classname="Question6.TriangleNGTest" name="testIsFilled" time="0.000"/>
  <testcase classname="Question6.TriangleNGTest" name="testGetPerimeter" time="0.003"/>
  <testcase classname="Question6.TriangleNGTest" name="testGetColor" time="0.002"/>
</testsuite> <!-- Question6.TriangleNGTest -->
